TN:
SF:index.js
FN:1,(empty-report)
FNF:1
FNH:0
FNDA:0,(empty-report)
DA:1,0
LF:1
LH:0
BRDA:1,0,0,0
BRF:1
BRH:0
end_of_record
TN:
SF:db/connectPg.js
FN:1,(empty-report)
FNF:1
FNH:0
FNDA:0,(empty-report)
DA:1,0
DA:3,0
DA:4,0
DA:5,0
DA:6,0
DA:7,0
DA:8,0
DA:9,0
DA:10,0
DA:11,0
DA:12,0
DA:13,0
DA:14,0
DA:15,0
DA:16,0
DA:17,0
DA:18,0
DA:19,0
DA:20,0
DA:22,0
DA:24,0
DA:25,0
DA:26,0
DA:28,0
DA:29,0
LF:25
LH:0
BRDA:1,0,0,0
BRF:1
BRH:0
end_of_record
TN:
SF:db/index.js
FN:1,(empty-report)
FNF:1
FNH:0
FNDA:0,(empty-report)
DA:1,0
LF:1
LH:0
BRDA:1,0,0,0
BRF:1
BRH:0
end_of_record
TN:
SF:db/setTableUpdate.js
FN:1,(empty-report)
FNF:1
FNH:0
FNDA:0,(empty-report)
DA:1,0
DA:4,0
DA:6,0
DA:7,0
DA:8,0
DA:9,0
DA:10,0
DA:11,0
DA:12,0
DA:13,0
DA:14,0
DA:15,0
DA:16,0
DA:17,0
DA:18,0
DA:20,0
DA:21,0
DA:22,0
DA:24,0
DA:25,0
DA:26,0
DA:28,0
DA:29,0
DA:30,0
DA:32,0
DA:33,0
DA:34,0
DA:36,0
DA:37,0
DA:38,0
DA:39,0
DA:40,0
DA:41,0
DA:42,0
DA:43,0
DA:44,0
DA:46,0
DA:48,0
DA:49,0
DA:50,0
DA:51,0
DA:53,0
DA:54,0
DA:56,0
DA:57,0
LF:45
LH:0
BRDA:1,0,0,0
BRF:1
BRH:0
end_of_record
TN:
SF:db/setTableUpload.js
FN:1,(empty-report)
FNF:1
FNH:0
FNDA:0,(empty-report)
DA:1,0
DA:9,0
DA:11,0
DA:12,0
DA:13,0
DA:14,0
DA:15,0
DA:16,0
DA:17,0
DA:18,0
DA:19,0
DA:20,0
DA:21,0
DA:22,0
DA:23,0
DA:24,0
DA:25,0
DA:26,0
DA:27,0
DA:28,0
DA:29,0
DA:31,0
DA:32,0
DA:33,0
DA:35,0
DA:36,0
DA:37,0
DA:39,0
DA:40,0
DA:41,0
DA:43,0
DA:44,0
DA:46,0
DA:47,0
DA:48,0
DA:49,0
DA:50,0
DA:51,0
DA:52,0
DA:53,0
DA:54,0
DA:56,0
DA:57,0
DA:58,0
DA:60,0
DA:61,0
DA:62,0
DA:63,0
DA:64,0
DA:65,0
DA:66,0
DA:67,0
DA:69,0
DA:70,0
DA:71,0
DA:72,0
DA:73,0
DA:75,0
DA:77,0
DA:78,0
DA:79,0
DA:80,0
DA:81,0
DA:82,0
DA:84,0
DA:85,0
DA:86,0
DA:87,0
DA:88,0
DA:89,0
DA:91,0
DA:92,0
DA:93,0
DA:94,0
DA:95,0
DA:97,0
DA:98,0
DA:100,0
DA:101,0
LF:79
LH:0
BRDA:1,0,0,0
BRF:1
BRH:0
end_of_record
TN:
SF:db/uploadRows.js
FN:1,(empty-report)
FNF:1
FNH:0
FNDA:0,(empty-report)
DA:1,0
DA:7,0
DA:8,0
DA:9,0
DA:10,0
DA:11,0
DA:12,0
DA:13,0
DA:14,0
DA:15,0
DA:16,0
DA:17,0
DA:18,0
DA:19,0
DA:20,0
DA:21,0
DA:22,0
DA:23,0
DA:24,0
DA:25,0
DA:27,0
DA:28,0
DA:29,0
DA:30,0
DA:31,0
DA:32,0
DA:33,0
DA:34,0
DA:36,0
DA:37,0
DA:38,0
DA:39,0
DA:40,0
DA:41,0
DA:43,0
DA:44,0
DA:45,0
DA:46,0
DA:47,0
DA:48,0
DA:49,0
DA:50,0
DA:51,0
DA:52,0
DA:53,0
DA:54,0
DA:55,0
DA:56,0
DA:57,0
DA:59,0
DA:60,0
DA:61,0
DA:62,0
DA:63,0
DA:64,0
DA:65,0
DA:66,0
DA:67,0
DA:68,0
DA:69,0
DA:70,0
DA:71,0
DA:72,0
DA:73,0
DA:74,0
DA:75,0
DA:76,0
LF:67
LH:0
BRDA:1,0,0,0
BRF:1
BRH:0
end_of_record
TN:
SF:lib/checkIsTrue.js
FN:11,checkIsTrue
FNF:1
FNH:1
FNDA:22,checkIsTrue
DA:1,1
DA:3,1
DA:4,1
DA:5,1
DA:6,1
DA:7,1
DA:8,1
DA:9,1
DA:10,1
DA:11,1
DA:12,22
DA:13,15
DA:14,1
DA:15,1
DA:16,15
DA:17,15
DA:18,15
DA:19,22
LF:18
LH:18
BRDA:11,0,0,22
BRDA:12,1,0,15
BRDA:13,2,0,1
BRF:3
BRH:3
end_of_record
TN:
SF:lib/commas.js
FNF:0
FNH:0
DA:1,1
DA:2,1
DA:3,1
DA:4,1
DA:5,1
DA:6,1
DA:7,1
DA:8,1
DA:9,1
DA:10,1
DA:11,1
DA:12,1
DA:13,1
DA:14,1
DA:15,1
DA:16,1
DA:17,1
LF:17
LH:17
BRF:0
BRH:0
end_of_record
TN:
SF:lib/createLookup.js
FN:7,createLookup
FNF:1
FNH:1
FNDA:6,createLookup
DA:1,1
DA:2,1
DA:3,1
DA:4,1
DA:5,1
DA:6,1
DA:7,1
DA:8,6
DA:9,6
DA:10,14
DA:11,6
DA:12,6
DA:13,6
LF:13
LH:13
BRDA:7,0,0,6
BRDA:9,1,0,14
BRF:2
BRH:2
end_of_record
TN:
SF:lib/createSqlite.js
FN:1,(empty-report)
FNF:1
FNH:0
FNDA:0,(empty-report)
DA:1,0
DA:5,0
DA:6,0
DA:7,0
DA:9,0
DA:10,0
DA:11,0
DA:12,0
DA:13,0
DA:15,0
DA:16,0
DA:17,0
DA:18,0
DA:19,0
DA:20,0
DA:21,0
DA:22,0
DA:23,0
DA:24,0
DA:25,0
DA:26,0
DA:27,0
DA:28,0
DA:29,0
DA:30,0
DA:31,0
DA:33,0
DA:35,0
DA:36,0
DA:37,0
DA:39,0
DA:40,0
DA:41,0
DA:42,0
DA:43,0
DA:44,0
DA:46,0
DA:47,0
DA:48,0
DA:49,0
DA:50,0
DA:51,0
DA:52,0
DA:53,0
DA:55,0
DA:56,0
DA:57,0
DA:58,0
DA:59,0
DA:60,0
DA:61,0
DA:62,0
DA:63,0
DA:64,0
DA:65,0
DA:67,0
DA:68,0
DA:69,0
DA:70,0
DA:71,0
DA:72,0
DA:73,0
DA:74,0
DA:75,0
DA:76,0
DA:77,0
DA:79,0
DA:80,0
DA:81,0
DA:82,0
DA:83,0
DA:84,0
DA:85,0
DA:87,0
DA:88,0
LF:75
LH:0
BRDA:1,0,0,0
BRF:1
BRH:0
end_of_record
TN:
SF:lib/fetchData.js
FN:1,(empty-report)
FNF:1
FNH:0
FNDA:0,(empty-report)
DA:1,0
DA:2,0
DA:3,0
DA:4,0
DA:5,0
DA:6,0
DA:7,0
DA:8,0
DA:9,0
DA:11,0
DA:12,0
DA:13,0
DA:14,0
DA:15,0
DA:16,0
DA:17,0
DA:18,0
DA:20,0
DA:21,0
DA:22,0
DA:23,0
DA:24,0
DA:25,0
DA:26,0
DA:27,0
DA:28,0
LF:26
LH:0
BRDA:1,0,0,0
BRF:1
BRH:0
end_of_record
TN:
SF:lib/formatParams.js
FN:9,formatParams
FNF:1
FNH:1
FNDA:11,formatParams
DA:1,1
DA:2,1
DA:3,1
DA:4,1
DA:5,1
DA:6,1
DA:7,1
DA:8,1
DA:9,1
DA:10,11
DA:11,11
DA:12,24
DA:13,11
DA:14,11
DA:15,11
LF:15
LH:15
BRDA:9,0,0,11
BRDA:11,1,0,24
BRF:2
BRH:2
end_of_record
TN:
SF:lib/genDirs.js
FN:11,genDirs
FNF:1
FNH:1
FNDA:12,genDirs
DA:1,1
DA:4,1
DA:5,1
DA:7,1
DA:8,1
DA:9,1
DA:10,1
DA:11,1
DA:12,12
DA:13,12
DA:14,12
DA:15,12
DA:16,12
DA:17,12
LF:14
LH:14
BRDA:11,0,0,12
BRF:1
BRH:1
end_of_record
TN:
SF:lib/getNow.js
FN:5,getNow
FNF:1
FNH:1
FNDA:9,getNow
DA:1,1
DA:2,1
DA:3,1
DA:4,1
DA:5,1
DA:6,9
DA:7,9
DA:8,9
LF:8
LH:8
BRDA:5,0,0,9
BRF:1
BRH:1
end_of_record
TN:
SF:lib/getTodo.js
FN:11,getTodo
FN:11,exists
FNF:2
FNH:2
FNDA:8,getTodo
FNDA:1247,exists
DA:1,1
DA:5,1
DA:6,1
DA:7,1
DA:8,1
DA:9,1
DA:10,1
DA:11,1
DA:12,8
DA:13,8
DA:14,8
DA:15,8
DA:16,8
DA:17,8
DA:19,8
DA:20,8
DA:21,8
DA:22,8
DA:23,8
DA:24,8
DA:25,8
LF:21
LH:21
BRDA:11,0,0,8
BRDA:11,1,0,1247
BRDA:17,2,0,1253
BRF:3
BRH:3
end_of_record
TN:
SF:lib/initLogProgress.js
FN:16,initLogProgress
FN:33,logProgress
FNF:2
FNH:2
FNDA:9,initLogProgress
FNDA:17,logProgress
DA:1,1
DA:7,1
DA:8,1
DA:9,1
DA:10,1
DA:11,1
DA:12,1
DA:13,1
DA:14,1
DA:15,1
DA:16,1
DA:17,9
DA:18,9
DA:19,9
DA:20,9
DA:21,9
DA:22,9
DA:24,9
DA:25,9
DA:26,9
DA:27,9
DA:28,9
DA:29,9
DA:30,9
DA:31,9
DA:32,9
DA:33,9
DA:34,17
DA:35,17
DA:36,17
DA:37,8
DA:38,8
DA:39,8
DA:40,17
DA:41,9
DA:42,9
DA:43,9
DA:44,9
DA:46,9
DA:47,9
DA:48,9
DA:50,17
DA:51,1
DA:52,1
DA:54,17
DA:56,17
DA:57,17
DA:58,17
DA:59,17
DA:60,17
DA:61,13
DA:62,13
DA:63,13
DA:64,13
DA:65,13
DA:66,13
DA:67,13
DA:68,4
DA:69,9
DA:70,9
LF:60
LH:60
BRDA:16,0,0,9
BRDA:33,1,0,17
BRDA:36,2,0,8
BRDA:40,3,0,9
BRDA:50,4,0,1
BRDA:50,5,0,1
BRDA:60,6,0,5
BRDA:60,7,0,13
BRDA:67,8,0,4
BRF:9
BRH:9
end_of_record
TN:
SF:lib/makeArray.js
FN:6,makeArray
FNF:1
FNH:1
FNDA:15,makeArray
DA:1,1
DA:2,1
DA:3,1
DA:4,1
DA:5,1
DA:6,1
DA:7,15
DA:8,15
LF:8
LH:8
BRDA:6,0,0,15
BRF:1
BRH:1
end_of_record
TN:
SF:lib/makeIndent.js
FN:6,makeIndent
FNF:1
FNH:1
FNDA:29,makeIndent
DA:1,1
DA:2,1
DA:3,1
DA:4,1
DA:5,1
DA:6,1
DA:7,29
DA:8,29
LF:8
LH:8
BRDA:6,0,0,29
BRF:1
BRH:1
end_of_record
TN:
SF:lib/padBy.js
FN:7,padBy
FNF:1
FNH:1
FNDA:23,padBy
DA:1,1
DA:2,1
DA:3,1
DA:4,1
DA:5,1
DA:6,1
DA:7,1
DA:8,23
DA:9,23
LF:9
LH:9
BRDA:7,0,0,23
BRF:1
BRH:1
end_of_record
TN:
SF:lib/paginatedFetcher.js
FN:21,paginatedFetcher
FN:37,fetcher
FNF:2
FNH:2
FNDA:7,paginatedFetcher
FNDA:10,fetcher
DA:1,1
DA:8,1
DA:9,1
DA:10,1
DA:11,1
DA:12,1
DA:13,1
DA:14,1
DA:15,1
DA:16,1
DA:17,1
DA:18,1
DA:19,1
DA:20,1
DA:21,1
DA:22,7
DA:23,7
DA:24,7
DA:25,7
DA:26,7
DA:27,7
DA:28,7
DA:29,7
DA:30,7
DA:31,7
DA:32,7
DA:33,7
DA:34,7
DA:35,7
DA:36,7
DA:37,7
DA:38,10
DA:39,10
DA:40,10
DA:41,10
DA:42,10
DA:43,10
DA:44,10
DA:45,10
DA:47,9
DA:48,9
DA:49,9
DA:50,10
DA:51,1
DA:52,1
DA:53,1
DA:54,1
DA:55,1
DA:56,10
DA:57,8
DA:58,8
DA:60,8
DA:61,8
DA:62,8
DA:63,8
DA:65,9
DA:66,9
DA:68,10
DA:69,4
DA:70,4
DA:71,4
DA:72,4
DA:73,4
DA:74,10
DA:75,5
DA:76,5
DA:77,5
DA:78,10
DA:79,1
DA:80,1
DA:81,1
DA:82,1
DA:83,1
DA:84,1
DA:86,1
DA:87,1
DA:88,1
DA:89,1
DA:90,1
DA:91,7
DA:92,7
LF:81
LH:81
BRDA:21,0,0,7
BRDA:37,1,0,10
BRDA:41,2,0,4
BRDA:41,3,0,6
BRDA:45,4,0,9
BRDA:50,5,0,1
BRDA:56,6,0,8
BRDA:58,7,0,4
BRDA:63,8,0,9
BRDA:68,9,0,4
BRDA:74,10,0,5
BRDA:78,11,0,1
BRF:12
BRH:12
end_of_record
TN:
SF:lib/pick.js
FN:7,pick
FNF:1
FNH:1
FNDA:8,pick
DA:1,1
DA:2,1
DA:3,1
DA:4,1
DA:5,1
DA:6,1
DA:7,1
DA:8,8
DA:9,8
DA:10,18
DA:11,8
DA:12,8
DA:13,8
LF:13
LH:13
BRDA:7,0,0,8
BRDA:9,1,0,18
BRF:2
BRH:2
end_of_record
TN:
SF:lib/prettyMs.js
FN:8,prettyMs
FNF:1
FNH:1
FNDA:39,prettyMs
DA:1,1
DA:3,1
DA:4,1
DA:5,1
DA:6,1
DA:7,1
DA:8,1
DA:9,39
DA:10,39
DA:11,39
DA:12,39
DA:13,39
DA:14,39
DA:15,22
DA:16,22
DA:17,22
DA:18,39
DA:19,14
DA:20,14
DA:21,14
DA:22,39
DA:23,9
DA:24,9
DA:25,9
DA:26,39
DA:27,4
DA:28,4
DA:29,4
DA:30,39
DA:31,39
LF:30
LH:30
BRDA:8,0,0,39
BRDA:14,1,0,22
BRDA:18,2,0,22
BRDA:18,3,0,14
BRDA:22,4,0,14
BRDA:22,5,0,9
BRDA:26,6,0,9
BRDA:26,7,0,4
BRDA:30,8,0,35
BRDA:30,9,0,30
BRDA:30,10,0,25
BRDA:30,11,0,8
BRDA:30,12,0,17
BRDA:30,13,0,17
BRF:14
BRH:14
end_of_record
TN:
SF:lib/queueCalls.js
FN:20,queueCalls
FNF:1
FNH:1
FNDA:10,queueCalls
DA:1,1
DA:3,1
DA:4,1
DA:5,1
DA:6,1
DA:7,1
DA:8,1
DA:9,1
DA:10,1
DA:11,1
DA:12,1
DA:13,1
DA:14,1
DA:15,1
DA:16,1
DA:17,1
DA:18,1
DA:19,1
DA:20,1
DA:21,10
DA:22,10
DA:23,31
DA:24,10
DA:25,10
DA:26,10
LF:25
LH:25
BRDA:20,0,0,10
BRDA:22,1,0,31
BRDA:23,2,0,31
BRF:3
BRH:3
end_of_record
TN:
SF:lib/readDataset.js
FN:9,readDataset
FNF:1
FNH:1
FNDA:4,readDataset
DA:1,1
DA:4,1
DA:5,1
DA:6,1
DA:7,1
DA:8,1
DA:9,1
DA:10,4
DA:11,4
DA:12,4
LF:10
LH:10
BRDA:9,0,0,4
BRF:1
BRH:1
end_of_record
TN:
SF:lib/readXlsx.js
FN:11,readXlsx
FNF:1
FNH:1
FNDA:7,readXlsx
DA:1,1
DA:4,1
DA:5,1
DA:6,1
DA:7,1
DA:8,1
DA:9,1
DA:10,1
DA:11,1
DA:12,7
DA:13,7
DA:14,1
DA:15,1
DA:16,6
DA:17,6
LF:15
LH:15
BRDA:11,0,0,7
BRDA:13,1,0,1
BRDA:15,2,0,6
BRF:3
BRH:3
end_of_record
TN:
SF:lib/requireArg.js
FN:9,requireArg
FNF:1
FNH:1
FNDA:10,requireArg
DA:1,1
DA:3,1
DA:4,1
DA:5,1
DA:6,1
DA:7,1
DA:8,1
DA:9,1
DA:10,10
DA:12,10
DA:13,10
DA:14,10
DA:15,10
DA:16,10
DA:18,10
DA:19,10
LF:16
LH:16
BRDA:9,0,0,10
BRDA:13,1,0,8
BRF:2
BRH:2
end_of_record
TN:
SF:lib/roundDecimal.js
FN:7,roundDecimal
FNF:1
FNH:1
FNDA:52,roundDecimal
DA:1,1
DA:2,1
DA:3,1
DA:4,1
DA:5,1
DA:6,1
DA:7,1
DA:8,52
DA:9,52
DA:10,52
LF:10
LH:10
BRDA:7,0,0,52
BRF:1
BRH:1
end_of_record
TN:
SF:lib/sleep.js
FN:15,sleep
FNF:1
FNH:1
FNDA:8,sleep
DA:1,1
DA:5,1
DA:6,1
DA:7,1
DA:8,1
DA:9,1
DA:10,1
DA:11,1
DA:12,1
DA:13,1
DA:14,1
DA:15,1
DA:16,8
DA:17,1
DA:18,1
DA:19,1
DA:20,8
DA:21,2
DA:22,2
DA:23,2
DA:24,2
DA:25,2
DA:27,8
DA:28,8
DA:29,8
DA:30,8
LF:26
LH:26
BRDA:15,0,0,8
BRDA:16,1,0,1
BRDA:20,2,0,2
BRDA:22,3,0,2
BRDA:27,4,0,8
BRDA:28,5,0,8
BRF:6
BRH:6
end_of_record
TN:
SF:lib/sleepEvery.js
FN:14,sleepEvery
FNF:1
FNH:1
FNDA:28,sleepEvery
DA:1,1
DA:3,1
DA:4,1
DA:5,1
DA:6,1
DA:7,1
DA:8,1
DA:9,1
DA:10,1
DA:11,1
DA:12,1
DA:13,1
DA:14,1
DA:15,28
DA:16,28
DA:17,3
DA:18,3
DA:20,25
DA:21,28
DA:22,11
DA:23,11
DA:24,28
LF:22
LH:22
BRDA:14,0,0,28
BRDA:16,1,0,26
BRDA:16,2,0,3
BRDA:18,3,0,25
BRDA:21,4,0,22
BRDA:21,5,0,11
BRF:6
BRH:6
end_of_record
TN:
SF:lib/takeEvery.js
FN:7,takeEvery
FNF:1
FNH:1
FNDA:16,takeEvery
DA:1,1
DA:2,1
DA:3,1
DA:4,1
DA:5,1
DA:6,1
DA:7,1
DA:8,16
DA:9,16
DA:10,16
DA:11,6
DA:12,6
DA:13,55
DA:14,6
DA:15,6
LF:15
LH:15
BRDA:7,0,0,16
BRDA:8,1,0,3
BRDA:8,2,0,13
BRDA:9,3,0,2
BRDA:9,4,0,11
BRDA:10,5,0,5
BRDA:10,6,0,6
BRDA:12,7,0,55
BRF:8
BRH:8
end_of_record
TN:
SF:lib/toTitleCase.js
FN:6,toTitleCase
FNF:1
FNH:1
FNDA:19,toTitleCase
DA:1,1
DA:2,1
DA:3,1
DA:4,1
DA:5,1
DA:6,1
DA:7,19
DA:8,34
DA:9,19
DA:10,19
LF:10
LH:10
BRDA:6,0,0,19
BRDA:7,1,0,34
BRF:2
BRH:2
end_of_record
TN:
SF:lib/uniques.js
FN:11,uniques
FNF:1
FNH:1
FNDA:16,uniques
DA:1,1
DA:2,1
DA:3,1
DA:4,1
DA:5,1
DA:6,1
DA:7,1
DA:8,1
DA:9,1
DA:11,1
DA:12,16
DA:13,5
DA:14,5
DA:15,5
DA:16,11
DA:17,11
DA:18,11
DA:19,11
DA:20,11
DA:21,16
DA:22,45
DA:23,45
DA:24,45
DA:25,45
DA:26,30
DA:27,30
DA:28,30
DA:29,45
DA:30,11
DA:31,11
LF:30
LH:30
BRDA:11,0,0,16
BRDA:12,1,0,5
BRDA:15,2,0,11
BRDA:21,3,0,45
BRDA:24,4,0,11
BRDA:24,5,0,34
BRDA:24,6,0,8
BRDA:24,7,0,26
BRDA:25,8,0,30
BRDA:27,9,0,24
BRDA:27,10,0,6
BRDA:29,11,0,11
BRF:12
BRH:12
end_of_record
TN:
SF:lib/writeSync.js
FN:18,writeSync
FNF:1
FNH:1
FNDA:8,writeSync
DA:1,1
DA:8,1
DA:9,1
DA:10,1
DA:11,1
DA:12,1
DA:13,1
DA:14,1
DA:15,1
DA:16,1
DA:17,1
DA:18,1
DA:19,8
DA:20,8
DA:21,8
DA:22,8
DA:23,8
DA:24,8
DA:25,8
LF:19
LH:19
BRDA:18,0,0,8
BRDA:23,1,0,5
BRDA:23,2,0,3
BRDA:21,3,0,2
BRF:4
BRH:4
end_of_record
TN:
SF:scrape/index.js
FN:1,(empty-report)
FNF:1
FNH:0
FNDA:0,(empty-report)
DA:1,0
LF:1
LH:0
BRDA:1,0,0,0
BRF:1
BRH:0
end_of_record
TN:
SF:scrape/launchBrowser.js
FN:1,(empty-report)
FNF:1
FNH:0
FNDA:0,(empty-report)
DA:1,0
DA:3,0
DA:4,0
DA:5,0
DA:6,0
DA:7,0
DA:8,0
DA:9,0
DA:10,0
DA:11,0
DA:12,0
DA:13,0
DA:14,0
DA:15,0
DA:16,0
DA:17,0
DA:18,0
DA:19,0
LF:18
LH:0
BRDA:1,0,0,0
BRF:1
BRH:0
end_of_record
TN:
SF:scrape/screenshotPage.js
FN:1,(empty-report)
FNF:1
FNH:0
FNDA:0,(empty-report)
DA:1,0
DA:3,0
DA:4,0
DA:5,0
DA:6,0
DA:7,0
DA:8,0
DA:9,0
DA:10,0
DA:11,0
DA:12,0
DA:13,0
DA:15,0
DA:16,0
DA:17,0
DA:18,0
DA:19,0
DA:20,0
DA:21,0
DA:22,0
DA:23,0
DA:24,0
DA:25,0
DA:26,0
DA:27,0
DA:28,0
DA:29,0
DA:30,0
DA:31,0
DA:32,0
DA:33,0
DA:34,0
DA:36,0
DA:37,0
DA:38,0
DA:39,0
DA:40,0
DA:41,0
DA:42,0
DA:43,0
DA:44,0
DA:45,0
DA:46,0
DA:47,0
DA:48,0
DA:49,0
DA:50,0
LF:47
LH:0
BRDA:1,0,0,0
BRF:1
BRH:0
end_of_record
TN:
SF:scrape/wait.js
FN:1,(empty-report)
FNF:1
FNH:0
FNDA:0,(empty-report)
DA:1,0
DA:3,0
DA:4,0
DA:5,0
DA:6,0
DA:7,0
DA:8,0
DA:9,0
DA:10,0
DA:11,0
DA:12,0
DA:13,0
DA:14,0
DA:15,0
DA:16,0
DA:17,0
DA:18,0
DA:19,0
LF:18
LH:0
BRDA:1,0,0,0
BRF:1
BRH:0
end_of_record
